<?xml version="1.0" encoding="UTF-8"?>
<testsuite name="Calculator.CalculatorTest" tests="1" skipped="0" failures="0" errors="0" timestamp="2020-12-22T08:24:52" hostname="DESKTOP-N3JD4P3" time="0.008">
  <properties/>
  <testcase name="더하기()" classname="Calculator.CalculatorTest" time="0.008"/>
  <system-out><![CDATA[]]></system-out>
  <system-err><![CDATA[]]></system-err>
</testsuite>
